<?xml version="1.0" encoding="UTF-8"?>
<testsuites>
  <testsuite name="/Users/alan/Development/solution-forest/projects/laravel-workflow-engine/packages/workflow-engine-core/phpunit.xml.dist" tests="40" assertions="160" errors="0" failures="0" skipped="0" time="1.186392">
    <testsuite name="Solutionforest Test Suite" tests="40" assertions="160" errors="0" failures="0" skipped="0" time="1.186392">
      <testsuite name="Tests\RealWorld\CICDPipelineWorkflowTest" file="tests/RealWorld/CICDPipelineWorkflowTest.php" tests="4" assertions="14" errors="0" failures="0" skipped="0" time="0.005756">
        <testcase name="cicd pipeline workflow - feature branch deployment" file="tests/RealWorld/CICDPipelineWorkflowTest.php::cicd pipeline workflow - feature branch deployment" class="Tests\RealWorld\CICDPipelineWorkflowTest" classname="Tests.RealWorld.CICDPipelineWorkflowTest" assertions="4" time="0.004971"/>
        <testcase name="cicd pipeline workflow - successful deployment flow" file="tests/RealWorld/CICDPipelineWorkflowTest.php::cicd pipeline workflow - successful deployment flow" class="Tests\RealWorld\CICDPipelineWorkflowTest" classname="Tests.RealWorld.CICDPipelineWorkflowTest" assertions="4" time="0.000459"/>
        <testcase name="cicd pipeline workflow - parallel testing stages" file="tests/RealWorld/CICDPipelineWorkflowTest.php::cicd pipeline workflow - parallel testing stages" class="Tests\RealWorld\CICDPipelineWorkflowTest" classname="Tests.RealWorld.CICDPipelineWorkflowTest" assertions="3" time="0.000168"/>
        <testcase name="cicd pipeline workflow - deployment failure and rollback" file="tests/RealWorld/CICDPipelineWorkflowTest.php::cicd pipeline workflow - deployment failure and rollback" class="Tests\RealWorld\CICDPipelineWorkflowTest" classname="Tests.RealWorld.CICDPipelineWorkflowTest" assertions="3" time="0.000158"/>
      </testsuite>
      <testsuite name="Tests\Unit\PHP83FeaturesTest" file="tests/Unit/PHP83FeaturesTest.php" tests="9" assertions="47" errors="0" failures="0" skipped="0" time="0.004500">
        <testcase name="`PHP 8.3+ Features` → it validates state transitions correctly" file="tests/Unit/PHP83FeaturesTest.php::`PHP 8.3+ Features` → it validates state transitions correctly" class="Tests\Unit\PHP83FeaturesTest" classname="Tests.Unit.PHP83FeaturesTest" assertions="6" time="0.003230"/>
        <testcase name="`PHP 8.3+ Features` → it can create quick template workflows" file="tests/Unit/PHP83FeaturesTest.php::`PHP 8.3+ Features` → it can create quick template workflows" class="Tests\Unit\PHP83FeaturesTest" classname="Tests.Unit.PHP83FeaturesTest" assertions="2" time="0.000300"/>
        <testcase name="`Simplified Learning Curve` → it can use named arguments for better readability" file="tests/Unit/PHP83FeaturesTest.php::`Simplified Learning Curve` → it can use named arguments for better readability" class="Tests\Unit\PHP83FeaturesTest" classname="Tests.Unit.PHP83FeaturesTest" assertions="2" time="0.000112"/>
        <testcase name="`Simplified Learning Curve` → it provides quick workflow templates" file="tests/Unit/PHP83FeaturesTest.php::`Simplified Learning Curve` → it provides quick workflow templates" class="Tests\Unit\PHP83FeaturesTest" classname="Tests.Unit.PHP83FeaturesTest" assertions="6" time="0.000167"/>
        <testcase name="`PHP 8.3+ Features` → it provides UI-friendly state information" file="tests/Unit/PHP83FeaturesTest.php::`PHP 8.3+ Features` → it provides UI-friendly state information" class="Tests\Unit\PHP83FeaturesTest" classname="Tests.Unit.PHP83FeaturesTest" assertions="12" time="0.000150"/>
        <testcase name="`PHP 8.3+ Features` → it can create workflow with fluent builder API" file="tests/Unit/PHP83FeaturesTest.php::`PHP 8.3+ Features` → it can create workflow with fluent builder API" class="Tests\Unit\PHP83FeaturesTest" classname="Tests.Unit.PHP83FeaturesTest" assertions="5" time="0.000200"/>
        <testcase name="`PHP 8.3+ Features` → it can use enhanced workflow state enum methods" file="tests/Unit/PHP83FeaturesTest.php::`PHP 8.3+ Features` → it can use enhanced workflow state enum methods" class="Tests\Unit\PHP83FeaturesTest" classname="Tests.Unit.PHP83FeaturesTest" assertions="5" time="0.000107"/>
        <testcase name="`PHP 8.3+ Features` → it can use conditional workflow building" file="tests/Unit/PHP83FeaturesTest.php::`PHP 8.3+ Features` → it can use conditional workflow building" class="Tests\Unit\PHP83FeaturesTest" classname="Tests.Unit.PHP83FeaturesTest" assertions="1" time="0.000098"/>
        <testcase name="`Simplified Learning Curve` → it can create workflow with common patterns using helper methods" file="tests/Unit/PHP83FeaturesTest.php::`Simplified Learning Curve` → it can create workflow with common patterns using helper methods" class="Tests\Unit\PHP83FeaturesTest" classname="Tests.Unit.PHP83FeaturesTest" assertions="8" time="0.000137"/>
      </testsuite>
      <testsuite name="Tests\Unit\ActionTest" file="tests/Unit/ActionTest.php" tests="4" assertions="11" errors="0" failures="0" skipped="0" time="1.010572">
        <testcase name="log action can execute" file="tests/Unit/ActionTest.php::log action can execute" class="Tests\Unit\ActionTest" classname="Tests.Unit.ActionTest" assertions="3" time="0.001708"/>
        <testcase name="log action handles invalid template" file="tests/Unit/ActionTest.php::log action handles invalid template" class="Tests\Unit\ActionTest" classname="Tests.Unit.ActionTest" assertions="1" time="0.000115"/>
        <testcase name="delay action handles invalid seconds" file="tests/Unit/ActionTest.php::delay action handles invalid seconds" class="Tests\Unit\ActionTest" classname="Tests.Unit.ActionTest" assertions="2" time="0.000451"/>
        <testcase name="delay action can execute" file="tests/Unit/ActionTest.php::delay action can execute" class="Tests\Unit\ActionTest" classname="Tests.Unit.ActionTest" assertions="5" time="1.008298"/>
      </testsuite>
      <testsuite name="Tests\RealWorld\ECommerceWorkflowTest" file="tests/RealWorld/ECommerceWorkflowTest.php" tests="4" assertions="10" errors="0" failures="0" skipped="0" time="0.006043">
        <testcase name="e-commerce order processing workflow - error handling scenarios" file="tests/RealWorld/ECommerceWorkflowTest.php::e-commerce order processing workflow - error handling scenarios" class="Tests\RealWorld\ECommerceWorkflowTest" classname="Tests.RealWorld.ECommerceWorkflowTest" assertions="2" time="0.003463"/>
        <testcase name="e-commerce order processing workflow - workflow definition structure" file="tests/RealWorld/ECommerceWorkflowTest.php::e-commerce order processing workflow - workflow definition structure" class="Tests\RealWorld\ECommerceWorkflowTest" classname="Tests.RealWorld.ECommerceWorkflowTest" assertions="3" time="0.000906"/>
        <testcase name="e-commerce order processing workflow - high value order scenarios" file="tests/RealWorld/ECommerceWorkflowTest.php::e-commerce order processing workflow - high value order scenarios" class="Tests\RealWorld\ECommerceWorkflowTest" classname="Tests.RealWorld.ECommerceWorkflowTest" assertions="2" time="0.000502"/>
        <testcase name="e-commerce order processing workflow - successful order flow" file="tests/RealWorld/ECommerceWorkflowTest.php::e-commerce order processing workflow - successful order flow" class="Tests\RealWorld\ECommerceWorkflowTest" classname="Tests.RealWorld.ECommerceWorkflowTest" assertions="3" time="0.001172"/>
      </testsuite>
      <testsuite name="Tests\ExampleTest" file="tests/ExampleTest.php" tests="1" assertions="1" errors="0" failures="0" skipped="0" time="0.001933">
        <testcase name="it can test" file="tests/ExampleTest.php::it can test" class="Tests\ExampleTest" classname="Tests.ExampleTest" assertions="1" time="0.001933"/>
      </testsuite>
      <testsuite name="Tests\Unit\WorkflowEngineTest" file="tests/Unit/WorkflowEngineTest.php" tests="9" assertions="26" errors="0" failures="0" skipped="0" time="0.004458">
        <testcase name="it can list workflows" file="tests/Unit/WorkflowEngineTest.php::it can list workflows" class="Tests\Unit\WorkflowEngineTest" classname="Tests.Unit.WorkflowEngineTest" assertions="3" time="0.001452"/>
        <testcase name="it can filter workflows by state" file="tests/Unit/WorkflowEngineTest.php::it can filter workflows by state" class="Tests\Unit\WorkflowEngineTest" classname="Tests.Unit.WorkflowEngineTest" assertions="4" time="0.000518"/>
        <testcase name="it can get workflow status" file="tests/Unit/WorkflowEngineTest.php::it can get workflow status" class="Tests\Unit\WorkflowEngineTest" classname="Tests.Unit.WorkflowEngineTest" assertions="5" time="0.000545"/>
        <testcase name="it throws exception for invalid workflow definition" file="tests/Unit/WorkflowEngineTest.php::it throws exception for invalid workflow definition" class="Tests\Unit\WorkflowEngineTest" classname="Tests.Unit.WorkflowEngineTest" assertions="2" time="0.000348"/>
        <testcase name="it can start a workflow" file="tests/Unit/WorkflowEngineTest.php::it can start a workflow" class="Tests\Unit\WorkflowEngineTest" classname="Tests.Unit.WorkflowEngineTest" assertions="4" time="0.000279"/>
        <testcase name="it can resume a paused workflow" file="tests/Unit/WorkflowEngineTest.php::it can resume a paused workflow" class="Tests\Unit\WorkflowEngineTest" classname="Tests.Unit.WorkflowEngineTest" assertions="2" time="0.000429"/>
        <testcase name="it can start a workflow with context" file="tests/Unit/WorkflowEngineTest.php::it can start a workflow with context" class="Tests\Unit\WorkflowEngineTest" classname="Tests.Unit.WorkflowEngineTest" assertions="3" time="0.000360"/>
        <testcase name="it throws exception for nonexistent workflow" file="tests/Unit/WorkflowEngineTest.php::it throws exception for nonexistent workflow" class="Tests\Unit\WorkflowEngineTest" classname="Tests.Unit.WorkflowEngineTest" assertions="2" time="0.000273"/>
        <testcase name="it can cancel a workflow" file="tests/Unit/WorkflowEngineTest.php::it can cancel a workflow" class="Tests\Unit\WorkflowEngineTest" classname="Tests.Unit.WorkflowEngineTest" assertions="1" time="0.000253"/>
      </testsuite>
      <testsuite name="Tests\Integration\WorkflowIntegrationTest" file="tests/Integration/WorkflowIntegrationTest.php" tests="4" assertions="34" errors="0" failures="0" skipped="0" time="0.004208">
        <testcase name="it can execute conditional workflows" file="tests/Integration/WorkflowIntegrationTest.php::it can execute conditional workflows" class="Tests\Integration\WorkflowIntegrationTest" classname="Tests.Integration.WorkflowIntegrationTest" assertions="10" time="0.003011"/>
        <testcase name="it can handle workflow cancellation" file="tests/Integration/WorkflowIntegrationTest.php::it can handle workflow cancellation" class="Tests\Integration\WorkflowIntegrationTest" classname="Tests.Integration.WorkflowIntegrationTest" assertions="1" time="0.000312"/>
        <testcase name="it can execute a complete workflow" file="tests/Integration/WorkflowIntegrationTest.php::it can execute a complete workflow" class="Tests\Integration\WorkflowIntegrationTest" classname="Tests.Integration.WorkflowIntegrationTest" assertions="15" time="0.000518"/>
        <testcase name="it can list and filter workflows" file="tests/Integration/WorkflowIntegrationTest.php::it can list and filter workflows" class="Tests\Integration\WorkflowIntegrationTest" classname="Tests.Integration.WorkflowIntegrationTest" assertions="8" time="0.000368"/>
      </testsuite>
      <testsuite name="Tests\ArchTest" file="tests/ArchTest.php" tests="1" assertions="3" errors="0" failures="0" skipped="0" time="0.147604">
        <testcase name="it will not use debugging functions" file="tests/ArchTest.php::it will not use debugging functions" class="Tests\ArchTest" classname="Tests.ArchTest" assertions="3" time="0.147604"/>
      </testsuite>
      <testsuite name="Tests\RealWorld\DocumentApprovalWorkflowTest" file="tests/RealWorld/DocumentApprovalWorkflowTest.php" tests="4" assertions="14" errors="0" failures="0" skipped="0" time="0.001317">
        <testcase name="document approval workflow - standard approval flow" file="tests/RealWorld/DocumentApprovalWorkflowTest.php::document approval workflow - standard approval flow" class="Tests\RealWorld\DocumentApprovalWorkflowTest" classname="Tests.RealWorld.DocumentApprovalWorkflowTest" assertions="4" time="0.000834"/>
        <testcase name="document approval workflow - escalation and timeout handling" file="tests/RealWorld/DocumentApprovalWorkflowTest.php::document approval workflow - escalation and timeout handling" class="Tests\RealWorld\DocumentApprovalWorkflowTest" classname="Tests.RealWorld.DocumentApprovalWorkflowTest" assertions="4" time="0.000179"/>
        <testcase name="document approval workflow - parallel review process" file="tests/RealWorld/DocumentApprovalWorkflowTest.php::document approval workflow - parallel review process" class="Tests\RealWorld\DocumentApprovalWorkflowTest" classname="Tests.RealWorld.DocumentApprovalWorkflowTest" assertions="3" time="0.000165"/>
        <testcase name="document approval workflow - rejection and resubmission flow" file="tests/RealWorld/DocumentApprovalWorkflowTest.php::document approval workflow - rejection and resubmission flow" class="Tests\RealWorld\DocumentApprovalWorkflowTest" classname="Tests.RealWorld.DocumentApprovalWorkflowTest" assertions="3" time="0.000139"/>
      </testsuite>
    </testsuite>
  </testsuite>
</testsuites>
